<?xml version="1.0" encoding="UTF-8"?>
<!-- Generated by org.testng.reporters.JUnitReportReporter -->
<testsuite hostname="Active25-PC" failures="0" tests="1" name="locationupdate1" time="10.628" errors="0" timestamp="2022-03-17T18:29:09 IST" skipped="0">
  <testcase classname="locationupdate1" name="getUserDetails" time="10.628"/>
  <system-out/>
</testsuite> <!-- locationupdate1 -->
