<?xml version="1.0" encoding="UTF-8"?>
<!-- Generated by org.testng.reporters.JUnitReportReporter -->
<testsuite hostname="Active25-PC" failures="0" tests="1" name="Driverlogout" time="2.987" errors="0" timestamp="2022-02-14T15:21:25 IST" skipped="0">
  <testcase classname="Driverlogout" name="getUserDetails" time="2.987"/>
  <system-out/>
</testsuite> <!-- Driverlogout -->
