<?xml version="1.0" encoding="UTF-8"?>
<!-- Generated by org.testng.reporters.JUnitReportReporter -->
<testsuite hostname="Active25-PC" failures="0" tests="4" name="call_service" time="36.783" errors="0" timestamp="2022-05-18T14:38:06 IST" skipped="0">
  <testcase classname="call_service" name="new_call" time="4.542"/>
  <system-out/>
  <testcase classname="call_service" name="call_answered" time="0.937"/>
  <system-out/>
  <testcase classname="call_service" name="call_completed" time="0.905"/>
  <system-out/>
  <testcase classname="call_service" name="taycan_connect" time="30.399"/>
  <system-out/>
</testsuite> <!-- call_service -->
