<?xml version="1.0" encoding="UTF-8"?>
<!-- Generated by org.testng.reporters.JUnitReportReporter -->
<testsuite hostname="Active25-PC" failures="0" tests="4" name="Cabstart" time="23.297" errors="0" timestamp="2022-02-22T14:49:13 IST" skipped="0">
  <testcase classname="Cabstart" name="getStreetpickup" time="3.989"/>
  <system-out/>
  <testcase classname="Cabstart" name="walkcompleted" time="16.606"/>
  <system-out/>
  <testcase classname="Cabstart" name="getFinalstatusupdate" time="0.920"/>
  <system-out/>
  <testcase classname="Cabstart" name="getUserdetails" time="1.782"/>
  <system-out/>
</testsuite> <!-- Cabstart -->
