<?xml version="1.0" encoding="UTF-8"?>
<!-- Generated by org.testng.reporters.JUnitReportReporter -->
<testsuite hostname="Active25-PC" failures="0" tests="1" name="TestAPI1" time="5.054" errors="0" timestamp="2022-02-14T14:39:05 IST" skipped="0">
  <testcase classname="TestAPI1" name="getUserDetails" time="5.054"/>
  <system-out/>
</testsuite> <!-- TestAPI1 -->
