<?xml version="1.0" encoding="UTF-8"?>
<!-- Generated by org.testng.reporters.JUnitReportReporter -->
<testsuite hostname="Active25-PC" failures="0" tests="1" name="endtrip" time="3.664" errors="0" timestamp="2022-02-14T14:40:31 IST" skipped="0">
  <testcase classname="endtrip" name="getUserDetails" time="3.664"/>
  <system-out/>
</testsuite> <!-- endtrip -->
