<?xml version="1.0" encoding="UTF-8"?>
<!-- Generated by org.testng.reporters.JUnitReportReporter -->
<testsuite hostname="Active25-PC" failures="0" tests="3" name="walkcompleted" time="31.818" errors="0" timestamp="2022-02-17T16:47:34 IST" skipped="0">
  <testcase classname="walkcompleted" name="getStreetpickup" time="5.731"/>
  <system-out/>
  <testcase classname="walkcompleted" name="walkcompleted" time="24.505"/>
  <system-out/>
  <testcase classname="walkcompleted" name="getUserDetails" time="1.582"/>
  <system-out/>
</testsuite> <!-- walkcompleted -->
