<?xml version="1.0" encoding="UTF-8"?>
<!-- Generated by org.testng.reporters.JUnitReportReporter -->
<testsuite hostname="Active25-PC" failures="0" tests="1" name="finalstatuschange" time="3.430" errors="0" timestamp="2022-02-14T16:16:52 IST" skipped="0">
  <testcase classname="finalstatuschange" name="getUserDetails" time="3.430"/>
  <system-out/>
</testsuite> <!-- finalstatuschange -->
