<?xml version="1.0" encoding="UTF-8"?>
<!-- Generated by org.testng.reporters.JUnitReportReporter -->
<testsuite hostname="Active25-PC" failures="0" tests="1" name="StretPickUp" time="4.955" errors="0" timestamp="2022-04-13T15:06:09 IST" skipped="0">
  <testcase classname="StretPickUp" name="getUserDetails" time="4.955"/>
  <system-out/>
</testsuite> <!-- StretPickUp -->
